#
# A fatal error has been detected by the Java Runtime Environment:
#
#  EXCEPTION_ACCESS_VIOLATION (0xc0000005) at pc=0x00007ff8a38626ad, pid=7928, tid=0x000000000000212c
#
# JRE version: Java(TM) SE Runtime Environment (8.0_181-b13) (build 1.8.0_181-b13)
# Java VM: Java HotSpot(TM) 64-Bit Server VM (25.181-b13 mixed mode windows-amd64 compressed oops)
# Problematic frame:
# C  [lwjgl_opengl.dll+0x126ad]
#
# Failed to write core dump. Minidumps are not enabled by default on client versions of Windows
#
# If you would like to submit a bug report, please visit:
#   http://bugreport.java.com/bugreport/crash.jsp
# The crash happened outside the Java Virtual Machine in native code.
# See problematic frame for where to report the bug.
#

---------------  T H R E A D  ---------------

Current thread (0x00000000028ce800):  JavaThread "main" [_thread_in_native, id=8492, stack(0x00000000028d0000,0x00000000029d0000)]

siginfo: ExceptionCode=0xc0000005, reading address 0x0000000000000ed0

Registers:
RAX=0x0000000054e56eb0, RBX=0x000000001c10be10, RCX=0x0000000000000001, RDX=0x000000001f411c6c
RSP=0x00000000029cf198, RBP=0x00000000029cf218, RSI=0x0000000000000068, RDI=0x0000000002b47e70
R8 =0x0000000000000001, R9 =0x000000001f411c6c, R10=0x0000000000000000, R11=0x00000000548dc6a0
R12=0x0000000000000000, R13=0x000000001c10be10, R14=0x00000000029cf248, R15=0x00000000028ce800
RIP=0x00007ff8a38626ad, EFLAGS=0x0000000000010206

Top of Stack: (sp=0x00000000029cf198)
0x00000000029cf198:   0000000002b58c67 0000000002b47e70
0x00000000029cf1a8:   0000000002b589ab 00000000028ce800
0x00000000029cf1b8:   000000001c10be10 0000000000000068
0x00000000029cf1c8:   00000000028ce800 0000000002b58962
0x00000000029cf1d8:   00000000029cf1d8 000000001c10be10
0x00000000029cf1e8:   00000000029cf248 000000001c110e88
0x00000000029cf1f8:   0000000000000000 000000001c10be10
0x00000000029cf208:   0000000000000000 00000000029cf238
0x00000000029cf218:   00000000029cf290 0000000002b4835d
0x00000000029cf228:   000000076b8a67e0 0000000002b521d8
0x00000000029cf238:   000000001f411c6c 000000076b8eca30
0x00000000029cf248:   0000000000000001 00000000029cf250
0x00000000029cf258:   000000001c10bf84 00000000029cf2c0
0x00000000029cf268:   000000001c110e88 0000000000000000
0x00000000029cf278:   000000001c10bff0 00000000029cf238
0x00000000029cf288:   00000000029cf2c8 00000000029cf310 

Instructions: (pc=0x00007ff8a38626ad)
0x00007ff8a386268d:   49 ff a2 48 09 00 00 cc cc cc cc cc cc cc cc cc
0x00007ff8a386269d:   cc cc cc 48 8b 01 49 8b d1 41 8b c8 4c 8b 50 18
0x00007ff8a38626ad:   49 ff a2 d0 0e 00 00 cc cc cc cc cc cc cc cc cc
0x00007ff8a38626bd:   cc cc cc 48 8b 01 48 8b 48 18 48 8b 81 58 1b 00 


Register to memory mapping:

RAX=0x0000000054e56eb0 is an unknown value
RBX={method} {0x000000001c10be18} 'nglGenBuffers' '(IJ)V' in 'org/lwjgl/opengl/GL15'
RCX=0x0000000000000001 is an unknown value
RDX=0x000000001f411c6c is an unknown value
RSP=0x00000000029cf198 is pointing into the stack for thread: 0x00000000028ce800
RBP=0x00000000029cf218 is pointing into the stack for thread: 0x00000000028ce800
RSI=0x0000000000000068 is an unknown value
RDI=0x0000000002b47e70 is at code_begin+1040 in an Interpreter codelet
invoke return entry points  [0x0000000002b47a60, 0x0000000002b48440]  2528 bytes
R8 =0x0000000000000001 is an unknown value
R9 =0x000000001f411c6c is an unknown value
R10=0x0000000000000000 is an unknown value
R11=0x00000000548dc6a0 is an unknown value
R12=0x0000000000000000 is an unknown value
R13={method} {0x000000001c10be18} 'nglGenBuffers' '(IJ)V' in 'org/lwjgl/opengl/GL15'
R14=0x00000000029cf248 is pointing into the stack for thread: 0x00000000028ce800
R15=0x00000000028ce800 is a thread


Stack: [0x00000000028d0000,0x00000000029d0000],  sp=0x00000000029cf198,  free space=1020k
Native frames: (J=compiled Java code, j=interpreted, Vv=VM code, C=native code)
C  [lwjgl_opengl.dll+0x126ad]

Java frames: (J=compiled Java code, j=interpreted, Vv=VM code)
j  org.lwjgl.opengl.GL15.nglGenBuffers(IJ)V+0
j  org.lwjgl.opengl.GL15.glGenBuffers()I+20
j  engine.gfx.Model.<init>([F[F[I)V+11
j  engine.gfx.Assets.init()V+76
j  engine.GameEngine2D.init()V+111
j  engine.GameEngine2D.run()V+22
j  engine.GameEngine2D.launch([Ljava/lang/String;Lengine/GameEngine2D;)V+1
j  pokemon.Game.main([Ljava/lang/String;)V+8
v  ~StubRoutines::call_stub

---------------  P R O C E S S  ---------------

Java Threads: ( => current thread )
  0x000000001e561000 JavaThread "Service Thread" daemon [_thread_blocked, id=8680, stack(0x000000001f0b0000,0x000000001f1b0000)]
  0x000000001e4d2000 JavaThread "C1 CompilerThread3" daemon [_thread_blocked, id=8152, stack(0x000000001efb0000,0x000000001f0b0000)]
  0x000000001e4c3000 JavaThread "C2 CompilerThread2" daemon [_thread_blocked, id=13052, stack(0x000000001eeb0000,0x000000001efb0000)]
  0x000000001e4c0000 JavaThread "C2 CompilerThread1" daemon [_thread_blocked, id=5292, stack(0x000000001edb0000,0x000000001eeb0000)]
  0x000000001e4b8800 JavaThread "C2 CompilerThread0" daemon [_thread_blocked, id=5360, stack(0x000000001ecb0000,0x000000001edb0000)]
  0x000000001e4b7800 JavaThread "Attach Listener" daemon [_thread_blocked, id=9240, stack(0x000000001ebb0000,0x000000001ecb0000)]
  0x000000001c5ae800 JavaThread "Signal Dispatcher" daemon [_thread_blocked, id=3332, stack(0x000000001eab0000,0x000000001ebb0000)]
  0x000000001e4b0800 JavaThread "Finalizer" daemon [_thread_blocked, id=10704, stack(0x000000001e890000,0x000000001e990000)]
  0x0000000002b39000 JavaThread "Reference Handler" daemon [_thread_blocked, id=8468, stack(0x000000001e390000,0x000000001e490000)]
=>0x00000000028ce800 JavaThread "main" [_thread_in_native, id=8492, stack(0x00000000028d0000,0x00000000029d0000)]

Other Threads:
  0x000000001c599000 VMThread [stack: 0x000000001e290000,0x000000001e390000] [id=10036]
  0x000000001e572000 WatcherThread [stack: 0x000000001f1b0000,0x000000001f2b0000] [id=8740]

VM state:not at safepoint (normal execution)

VM Mutex/Monitor currently owned by a thread: None

Heap:
 PSYoungGen      total 76288K, used 7875K [0x000000076b180000, 0x0000000770680000, 0x00000007c0000000)
  eden space 65536K, 12% used [0x000000076b180000,0x000000076b930f08,0x000000076f180000)
  from space 10752K, 0% used [0x000000076fc00000,0x000000076fc00000,0x0000000770680000)
  to   space 10752K, 0% used [0x000000076f180000,0x000000076f180000,0x000000076fc00000)
 ParOldGen       total 175104K, used 0K [0x00000006c1400000, 0x00000006cbf00000, 0x000000076b180000)
  object space 175104K, 0% used [0x00000006c1400000,0x00000006c1400000,0x00000006cbf00000)
 Metaspace       used 6099K, capacity 6328K, committed 6528K, reserved 1056768K
  class space    used 684K, capacity 776K, committed 896K, reserved 1048576K

Card table byte_map: [0x0000000011f00000,0x0000000012700000] byte_map_base: 0x000000000e8f6000

Marking Bits: (ParMarkBitMap*) 0x0000000054ed2d00
 Begin Bits: [0x0000000013450000, 0x0000000017400000)
 End Bits:   [0x0000000017400000, 0x000000001b3b0000)

Polling page: 0x0000000000b20000

CodeCache: size=245760Kb used=2280Kb max_used=2280Kb free=243479Kb
 bounds [0x0000000002b40000, 0x0000000002db0000, 0x0000000011b40000]
 total_blobs=1187 nmethods=475 adapters=625
 compilation: enabled

Compilation events (10 events):
Event: 0.624 Thread 0x000000001e4d2000 nmethod 467 0x0000000002d73250 code [0x0000000002d733a0, 0x0000000002d734b0]
Event: 0.624 Thread 0x000000001e4d2000  468       3       java.util.regex.Pattern$Ctype::isSatisfiedBy (24 bytes)
Event: 0.624 Thread 0x000000001e4d2000 nmethod 468 0x0000000002d73510 code [0x0000000002d73680, 0x0000000002d73a10]
Event: 0.624 Thread 0x000000001e4d2000  469       3       java.util.regex.ASCII::isType (15 bytes)
Event: 0.624 Thread 0x000000001e4d2000 nmethod 469 0x0000000002d73b90 code [0x0000000002d73d00, 0x0000000002d73f70]
Event: 0.624 Thread 0x000000001e4d2000  470       3       java.util.regex.Pattern$Node::match (27 bytes)
Event: 0.625 Thread 0x000000001e4d2000 nmethod 470 0x0000000002d74090 code [0x0000000002d74200, 0x0000000002d743b0]
Event: 0.625 Thread 0x000000001e4d2000  471       3       java.lang.String::toLowerCase (8 bytes)
Event: 0.625 Thread 0x000000001e4d2000 nmethod 471 0x0000000002d744d0 code [0x0000000002d74640, 0x0000000002d748c8]
Event: 0.625 Thread 0x000000001e4d2000  474   !   3       java.net.URL::<init> (543 bytes)

GC Heap History (0 events):
No events

Deoptimization events (0 events):
No events

Classes redefined (0 events):
No events

Internal exceptions (10 events):
Event: 0.022 Thread 0x00000000028ce800 Exception <a 'java/lang/NoSuchMethodError': Method sun.misc.Unsafe.prefetchRead(Ljava/lang/Object;J)V name or signature does not match> (0x000000076b187f98) thrown at [C:\re\workspace\8-2-build-windows-amd64-cygwin\jdk8u181\11358\hotspot\src\share\vm\prim
Event: 0.080 Thread 0x00000000028ce800 Exception <a 'java/lang/NoSuchMethodError': java.lang.Object.lambda$static$0(Ljava/lang/String;)Ljava/lang/Boolean;> (0x000000076b46f5f8) thrown at [C:\re\workspace\8-2-build-windows-amd64-cygwin\jdk8u181\11358\hotspot\src\share\vm\interpreter\linkResolve
Event: 0.088 Thread 0x00000000028ce800 Exception <a 'java/lang/NoSuchFieldError': method resolution failed> (0x000000076b4e7740) thrown at [C:\re\workspace\8-2-build-windows-amd64-cygwin\jdk8u181\11358\hotspot\src\share\vm\prims\methodHandles.cpp, line 1167]
Event: 0.089 Thread 0x00000000028ce800 Exception <a 'java/lang/NoSuchFieldError': method resolution failed> (0x000000076b4f4ac0) thrown at [C:\re\workspace\8-2-build-windows-amd64-cygwin\jdk8u181\11358\hotspot\src\share\vm\prims\methodHandles.cpp, line 1167]
Event: 0.101 Thread 0x00000000028ce800 Exception <a 'java/security/PrivilegedActionException'> (0x000000076b583aa0) thrown at [C:\re\workspace\8-2-build-windows-amd64-cygwin\jdk8u181\11358\hotspot\src\share\vm\prims\jvm.cpp, line 1435]
Event: 0.101 Thread 0x00000000028ce800 Exception <a 'java/security/PrivilegedActionException'> (0x000000076b583cb0) thrown at [C:\re\workspace\8-2-build-windows-amd64-cygwin\jdk8u181\11358\hotspot\src\share\vm\prims\jvm.cpp, line 1435]
Event: 0.101 Thread 0x00000000028ce800 Exception <a 'java/security/PrivilegedActionException'> (0x000000076b586718) thrown at [C:\re\workspace\8-2-build-windows-amd64-cygwin\jdk8u181\11358\hotspot\src\share\vm\prims\jvm.cpp, line 1435]
Event: 0.101 Thread 0x00000000028ce800 Exception <a 'java/security/PrivilegedActionException'> (0x000000076b586928) thrown at [C:\re\workspace\8-2-build-windows-amd64-cygwin\jdk8u181\11358\hotspot\src\share\vm\prims\jvm.cpp, line 1435]
Event: 0.625 Thread 0x00000000028ce800 Exception <a 'sun/nio/fs/WindowsException'> (0x000000076b8de4c8) thrown at [C:\re\workspace\8-2-build-windows-amd64-cygwin\jdk8u181\11358\hotspot\src\share\vm\prims\jni.cpp, line 709]
Event: 0.625 Thread 0x00000000028ce800 Exception <a 'sun/nio/fs/WindowsException'> (0x000000076b8decd8) thrown at [C:\re\workspace\8-2-build-windows-amd64-cygwin\jdk8u181\11358\hotspot\src\share\vm\prims\jni.cpp, line 709]

Events (10 events):
Event: 0.625 loading class java/nio/file/NoSuchFileException
Event: 0.625 loading class java/nio/file/FileSystemException
Event: 0.625 loading class java/nio/file/FileSystemException done
Event: 0.625 loading class java/nio/file/NoSuchFileException done
Event: 0.625 loading class org/lwjgl/opengl/GL$1
Event: 0.625 loading class org/lwjgl/opengl/GL$1 done
Event: 0.625 loading class org/lwjgl/opengl/GL$SharedLibraryGL
Event: 0.625 loading class org/lwjgl/opengl/GL$SharedLibraryGL done
Event: 0.626 loading class org/lwjgl/system/SharedLibrary$Delegate
Event: 0.626 loading class org/lwjgl/system/SharedLibrary$Delegate done


Dynamic libraries:
0x00007ff60e140000 - 0x00007ff60e177000 	E:\Programme\Java\jre1.8.0_181\bin\javaw.exe
0x00007ff8cd900000 - 0x00007ff8cdae1000 	C:\Windows\SYSTEM32\ntdll.dll
0x00007ff8cd760000 - 0x00007ff8cd812000 	C:\Windows\System32\KERNEL32.DLL
0x00007ff8c9f60000 - 0x00007ff8ca1d3000 	C:\Windows\System32\KERNELBASE.dll
0x00007ff8cba30000 - 0x00007ff8cbad1000 	C:\Windows\System32\ADVAPI32.dll
0x00007ff8cb530000 - 0x00007ff8cb5ce000 	C:\Windows\System32\msvcrt.dll
0x00007ff8caf20000 - 0x00007ff8caf7b000 	C:\Windows\System32\sechost.dll
0x00007ff8cd600000 - 0x00007ff8cd724000 	C:\Windows\System32\RPCRT4.dll
0x00007ff8cad90000 - 0x00007ff8caf20000 	C:\Windows\System32\USER32.dll
0x00007ff8c9cf0000 - 0x00007ff8c9d10000 	C:\Windows\System32\win32u.dll
0x00007ff8cad60000 - 0x00007ff8cad88000 	C:\Windows\System32\GDI32.dll
0x00007ff8ca280000 - 0x00007ff8ca412000 	C:\Windows\System32\gdi32full.dll
0x00007ff8ca1e0000 - 0x00007ff8ca27f000 	C:\Windows\System32\msvcp_win.dll
0x00007ff8cabb0000 - 0x00007ff8cacaa000 	C:\Windows\System32\ucrtbase.dll
0x00007ff8bf4d0000 - 0x00007ff8bf739000 	C:\Windows\WinSxS\amd64_microsoft.windows.common-controls_6595b64144ccf1df_6.0.17134.285_none_fb4297e330656775\COMCTL32.dll
0x00007ff8cb680000 - 0x00007ff8cb9a3000 	C:\Windows\System32\combase.dll
0x00007ff8cab30000 - 0x00007ff8cabaa000 	C:\Windows\System32\bcryptPrimitives.dll
0x00007ff8cd730000 - 0x00007ff8cd75d000 	C:\Windows\System32\IMM32.DLL
0x0000000054400000 - 0x00000000544d2000 	E:\Programme\Java\jre1.8.0_181\bin\msvcr100.dll
0x00000000546b0000 - 0x0000000054f52000 	E:\Programme\Java\jre1.8.0_181\bin\server\jvm.dll
0x00007ff8cb270000 - 0x00007ff8cb278000 	C:\Windows\System32\PSAPI.DLL
0x00007ff8bd300000 - 0x00007ff8bd309000 	C:\Windows\SYSTEM32\WSOCK32.dll
0x00007ff8c7e70000 - 0x00007ff8c7e93000 	C:\Windows\SYSTEM32\WINMM.dll
0x00007ff8c5620000 - 0x00007ff8c562a000 	C:\Windows\SYSTEM32\VERSION.dll
0x00007ff8cbf30000 - 0x00007ff8cbf9c000 	C:\Windows\System32\WS2_32.dll
0x00007ff8c7e40000 - 0x00007ff8c7e6a000 	C:\Windows\SYSTEM32\winmmbase.dll
0x00007ff8c9ca0000 - 0x00007ff8c9ce9000 	C:\Windows\System32\cfgmgr32.dll
0x00000000545c0000 - 0x00000000545cf000 	E:\Programme\Java\jre1.8.0_181\bin\verify.dll
0x0000000054590000 - 0x00000000545b9000 	E:\Programme\Java\jre1.8.0_181\bin\java.dll
0x0000000054570000 - 0x0000000054586000 	E:\Programme\Java\jre1.8.0_181\bin\zip.dll
0x00007ff8cbfa0000 - 0x00007ff8cd3e0000 	C:\Windows\System32\SHELL32.dll
0x00007ff8cd550000 - 0x00007ff8cd5f9000 	C:\Windows\System32\shcore.dll
0x00007ff8ca420000 - 0x00007ff8cab2d000 	C:\Windows\System32\windows.storage.dll
0x00007ff8cd840000 - 0x00007ff8cd891000 	C:\Windows\System32\shlwapi.dll
0x00007ff8c9c80000 - 0x00007ff8c9c91000 	C:\Windows\System32\kernel.appcore.dll
0x00007ff8c9c60000 - 0x00007ff8c9c7f000 	C:\Windows\System32\profapi.dll
0x00007ff8c9c10000 - 0x00007ff8c9c5c000 	C:\Windows\System32\powrprof.dll
0x00007ff8c9be0000 - 0x00007ff8c9bea000 	C:\Windows\System32\FLTLIB.DLL
0x0000000054550000 - 0x000000005456a000 	E:\Programme\Java\jre1.8.0_181\bin\net.dll
0x00007ff8c9400000 - 0x00007ff8c9466000 	C:\Windows\system32\mswsock.dll
0x0000000054530000 - 0x0000000054541000 	E:\Programme\Java\jre1.8.0_181\bin\nio.dll
0x00007ff8aa200000 - 0x00007ff8aa25b000 	C:\Users\Florian\AppData\Local\Temp\lwjglFlorian\3.1.6-build-14\lwjgl.dll
0x00007ff8a7510000 - 0x00007ff8a7561000 	C:\Users\Florian\AppData\Local\Temp\lwjglFlorian\3.1.6-build-14\glfw.dll
0x00007ff8c82a0000 - 0x00007ff8c8338000 	C:\Windows\system32\uxtheme.dll
0x00007ff8b3b80000 - 0x00007ff8b3bc3000 	C:\Windows\SYSTEM32\dinput8.dll
0x00007ff8c77e0000 - 0x00007ff8c77f0000 	C:\Windows\SYSTEM32\xinput1_4.dll
0x00007ff8c99f0000 - 0x00007ff8c9a17000 	C:\Windows\SYSTEM32\DEVOBJ.dll
0x00007ff8c83a0000 - 0x00007ff8c83c9000 	C:\Windows\SYSTEM32\dwmapi.dll
0x00007ff8b85a0000 - 0x00007ff8b8619000 	C:\Windows\SYSTEM32\inputhost.dll
0x00007ff8c7700000 - 0x00007ff8c77da000 	C:\Windows\SYSTEM32\CoreMessaging.dll
0x00007ff8c5780000 - 0x00007ff8c58cd000 	C:\Windows\SYSTEM32\wintypes.dll
0x00007ff8c3a30000 - 0x00007ff8c3d4e000 	C:\Windows\SYSTEM32\CoreUIComponents.dll
0x00007ff8c8cd0000 - 0x00007ff8c8d01000 	C:\Windows\SYSTEM32\ntmarta.dll
0x00007ff8cb3b0000 - 0x00007ff8cb525000 	C:\Windows\System32\MSCTF.dll
0x00007ff8cb2e0000 - 0x00007ff8cb3a2000 	C:\Windows\System32\OLEAUT32.dll
0x00007ff8c8910000 - 0x00007ff8c891c000 	C:\Windows\SYSTEM32\HID.DLL
0x00007ff8cbae0000 - 0x00007ff8cbf2b000 	C:\Windows\System32\SETUPAPI.DLL
0x00007ff8c9d10000 - 0x00007ff8c9d67000 	C:\Windows\System32\WINTRUST.dll
0x00007ff8c9bf0000 - 0x00007ff8c9c02000 	C:\Windows\System32\MSASN1.dll
0x00007ff8c9d70000 - 0x00007ff8c9f52000 	C:\Windows\System32\CRYPT32.dll
0x00007ff88f1d0000 - 0x00007ff88f2f0000 	C:\Windows\SYSTEM32\opengl32.dll
0x00007ff8b2170000 - 0x00007ff8b219c000 	C:\Windows\SYSTEM32\GLU32.dll
0x0000000051d60000 - 0x00000000543fe000 	C:\Windows\System32\DriverStore\FileRepository\nv_dispi.inf_amd64_adc520364db29861\nvoglv64.dll
0x00007ff8cd3f0000 - 0x00007ff8cd541000 	C:\Windows\System32\ole32.dll
0x00007ff8c6550000 - 0x00007ff8c6563000 	C:\Windows\SYSTEM32\WTSAPI32.dll
0x00007ff8c96e0000 - 0x00007ff8c9736000 	C:\Windows\SYSTEM32\WINSTA.dll
0x00007ff8ba4b0000 - 0x00007ff8ba547000 	C:\Windows\System32\TextInputFramework.dll
0x00007ff8a3850000 - 0x00007ff8a38af000 	C:\Users\Florian\AppData\Local\Temp\lwjglFlorian\3.1.6-build-14\lwjgl_opengl.dll
0x00007ff8b9c20000 - 0x00007ff8b9de9000 	C:\Windows\SYSTEM32\dbghelp.dll

VM Arguments:
jvm_args: -Dfile.encoding=Cp1252 
java_command: pokemon.Game
java_class_path (initial): E:\Programme\Java\jre1.8.0_181\lib\resources.jar;E:\Programme\Java\jre1.8.0_181\lib\rt.jar;E:\Programme\Java\jre1.8.0_181\lib\jsse.jar;E:\Programme\Java\jre1.8.0_181\lib\jce.jar;E:\Programme\Java\jre1.8.0_181\lib\charsets.jar;E:\Programme\Java\jre1.8.0_181\lib\jfr.jar;E:\Programme\Java\jre1.8.0_181\lib\ext\access-bridge-64.jar;E:\Programme\Java\jre1.8.0_181\lib\ext\cldrdata.jar;E:\Programme\Java\jre1.8.0_181\lib\ext\dnsns.jar;E:\Programme\Java\jre1.8.0_181\lib\ext\jaccess.jar;E:\Programme\Java\jre1.8.0_181\lib\ext\jfxrt.jar;E:\Programme\Java\jre1.8.0_181\lib\ext\localedata.jar;E:\Programme\Java\jre1.8.0_181\lib\ext\nashorn.jar;E:\Programme\Java\jre1.8.0_181\lib\ext\sunec.jar;E:\Programme\Java\jre1.8.0_181\lib\ext\sunjce_provider.jar;E:\Programme\Java\jre1.8.0_181\lib\ext\sunmscapi.jar;E:\Programme\Java\jre1.8.0_181\lib\ext\sunpkcs11.jar;E:\Programme\Java\jre1.8.0_181\lib\ext\zipfs.jar;E:\GitRepository\pokemon\Pokemon\bin;E:\GitRepository\pokemon\Pokemon\lib\lwjgl-glfw-javadoc.jar;E:\GitRepository\pokemon\Pokemon\lib\lwjgl-glfw-natives-windows.jar;E:\GitRepository\pokemon\Pokemon\lib\lwjgl-glfw-sources.jar;E:\GitRepository\pokemon\Pokemon\lib\lwjgl-glfw.jar;E:\GitRepository\pokemon\Pokemon\lib\lwjgl-openal-javadoc.jar;E:\GitRepository\pokemon\Pokemon\lib\lwjgl-openal-natives-windows.jar;E:\GitRepository\pokemon\Pokemon\lib\lwjgl-openal-sources.jar;E:\GitRepository\pokemon\Pokemon\lib\lwjgl-openal.jar;E:\GitRepository\pokemon\Pokemon\lib\lwjgl-opengl-javadoc.jar;E:\GitRepository\pokemon\Pokemon\lib\lwjgl-opengl-natives-windows.jar;E:\GitRepository\pokemon\Pokemon\lib\lwjgl-opengl-sources.jar;E:\GitRepository\pokemon\Pokemon\lib\lwjgl-opengl.jar;E:\GitRepository\pokemon\Pokemon\lib\lwjgl-stb-javadoc.jar;E:\GitRepository\pokemon\Pokemon\lib\lwjgl-stb-natives-windows.jar;E:\GitRepository\pokemon\Pokemon\lib\lwjgl-stb-sources.jar;E:\GitRepository\pokemon\Pokemon\lib\lwjgl-stb.jar;E:\GitRepository\pokemon\Pokemon\lib\lwjgl.jar;E:\GitRepository\
Launcher Type: SUN_STANDARD

Environment Variables:
PATH=E:/Programme/Java/jre1.8.0_181/bin/server;E:/Programme/Java/jre1.8.0_181/bin;E:/Programme/Java/jre1.8.0_181/lib/amd64;C:\Program Files (x86)\Common Files\Oracle\Java\javapath;C:\Windows\system32;C:\Windows;C:\Windows\System32\Wbem;C:\Windows\System32\WindowsPowerShell\v1.0\;C:\Windows\System32\OpenSSH\;C:\Program Files (x86)\NVIDIA Corporation\PhysX\Common;C:\Users\Florian\AppData\Local\Microsoft\WindowsApps;;C:\Windows\system32;
USERNAME=Florian
OS=Windows_NT
PROCESSOR_IDENTIFIER=Intel64 Family 6 Model 94 Stepping 3, GenuineIntel



---------------  S Y S T E M  ---------------

OS: Windows 10.0 , 64 bit Build 17134 (10.0.17134.1)

CPU:total 8 (initial active 8) (4 cores per cpu, 2 threads per core) family 6 model 94 stepping 3, cmov, cx8, fxsr, mmx, sse, sse2, sse3, ssse3, sse4.1, sse4.2, popcnt, avx, avx2, aes, clmul, erms, rtm, 3dnowpref, lzcnt, ht, tsc, tscinvbit, bmi1, bmi2, adx

Memory: 4k page, physical 16692528k(11290284k free), swap 19182896k(12012724k free)

vm_info: Java HotSpot(TM) 64-Bit Server VM (25.181-b13) for windows-amd64 JRE (1.8.0_181-b13), built on Jul  7 2018 04:01:33 by "java_re" with MS VC++ 10.0 (VS2010)

time: Sun Oct 07 12:13:46 2018
elapsed time: 0 seconds (0d 0h 0m 0s)

