#
# A fatal error has been detected by the Java Runtime Environment:
#
#  EXCEPTION_ACCESS_VIOLATION (0xc0000005) at pc=0x05b9ecb1, pid=11172, tid=0x00000c9c
#
# JRE version: Java(TM) SE Runtime Environment (8.0_172-b11) (build 1.8.0_172-b11)
# Java VM: Java HotSpot(TM) Client VM (25.172-b11 mixed mode windows-x86 )
# Problematic frame:
# C  [lwjgl_opengl32.dll+0xecb1]
#
# Failed to write core dump. Minidumps are not enabled by default on client versions of Windows
#
# If you would like to submit a bug report, please visit:
#   http://bugreport.java.com/bugreport/crash.jsp
# The crash happened outside the Java Virtual Machine in native code.
# See problematic frame for where to report the bug.
#

---------------  T H R E A D  ---------------

Current thread (0x04ee9800):  JavaThread "Finalizer" daemon [_thread_in_native, id=3228, stack(0x04d60000,0x04db0000)]

siginfo: ExceptionCode=0xc0000005, reading address 0x0000050c

Registers:
EAX=0x00000000, EBX=0x04c73540, ECX=0x04ee9940, EDX=0x00000000
ESP=0x04daf234, EBP=0x04daf27c, ESI=0x04c73540, EDI=0x04ee9800
EIP=0x05b9ecb1, EFLAGS=0x00010283

Top of Stack: (sp=0x04daf234)
0x04daf234:   00000001 04fe85dc 0286daf1 04ee9940
0x04daf244:   04daf284 00000001 04fe85dc 00000000
0x04daf254:   04c73540 0286d8c6 04daf25c 04c73540
0x04daf264:   04daf294 04c8eb90 00000000 04c73540
0x04daf274:   00000000 04daf28c 04daf2b8 02864864
0x04daf284:   0c9ffab8 0286a1c9 04fe85dc 00000000
0x04daf294:   00000001 04daf298 04c7364c 04daf2d0
0x04daf2a4:   04c8eb90 00000000 04c736b8 04daf28c 

Instructions: (pc=0x05b9ecb1)
0x05b9ec91:   8b 80 ac 07 00 00 ff d0 c2 14 00 cc cc cc cc 8b
0x05b9eca1:   44 24 04 ff 74 24 10 ff 74 24 10 8b 00 8b 40 0c
0x05b9ecb1:   8b 80 0c 05 00 00 ff d0 c2 14 00 cc cc cc cc 8b
0x05b9ecc1:   44 24 04 ff 74 24 10 ff 74 24 10 8b 00 8b 40 0c 


Register to memory mapping:

EAX=0x00000000 is an unknown value
EBX={method} {0x04c73544} 'nglDeleteTextures' '(IJ)V' in 'org/lwjgl/opengl/GL11'
ECX=0x04ee9940 is an unknown value
EDX=0x00000000 is an unknown value
ESP=0x04daf234 is pointing into the stack for thread: 0x04ee9800
EBP=0x04daf27c is pointing into the stack for thread: 0x04ee9800
ESI={method} {0x04c73544} 'nglDeleteTextures' '(IJ)V' in 'org/lwjgl/opengl/GL11'
EDI=0x04ee9800 is a thread


Stack: [0x04d60000,0x04db0000],  sp=0x04daf234,  free space=316k
Native frames: (J=compiled Java code, j=interpreted, Vv=VM code, C=native code)
C  [lwjgl_opengl32.dll+0xecb1]
j  org.lwjgl.opengl.GL11.glDeleteTextures(I)V+20
j  engine.gfx.Texture.finalize()V+4
j  java.lang.System$2.invokeFinalize(Ljava/lang/Object;)V+1
j  java.lang.ref.Finalizer.runFinalizer(Lsun/misc/JavaLangAccess;)V+46
j  java.lang.ref.Finalizer.access$100(Ljava/lang/ref/Finalizer;Lsun/misc/JavaLangAccess;)V+2
j  java.lang.ref.Finalizer$FinalizerThread.run()V+45
v  ~StubRoutines::call_stub
V  [jvm.dll+0x15c085]
V  [jvm.dll+0x2239de]
V  [jvm.dll+0x15c11e]
V  [jvm.dll+0x15c2a6]
V  [jvm.dll+0x15c317]
V  [jvm.dll+0x10024f]
V  [jvm.dll+0x17f2a0]
V  [jvm.dll+0x17fb1a]
V  [jvm.dll+0x1c5416]
C  [msvcr100.dll+0x5c556]
C  [msvcr100.dll+0x5c600]
C  [kernel32.dll+0x1343d]
C  [ntdll.dll+0x39802]
C  [ntdll.dll+0x397d5]
C  0x00000000

Java frames: (J=compiled Java code, j=interpreted, Vv=VM code)
j  org.lwjgl.opengl.GL11.nglDeleteTextures(IJ)V+0
j  org.lwjgl.opengl.GL11.glDeleteTextures(I)V+20
j  engine.gfx.Texture.finalize()V+4
j  java.lang.System$2.invokeFinalize(Ljava/lang/Object;)V+1
j  java.lang.ref.Finalizer.runFinalizer(Lsun/misc/JavaLangAccess;)V+46
j  java.lang.ref.Finalizer.access$100(Ljava/lang/ref/Finalizer;Lsun/misc/JavaLangAccess;)V+2
j  java.lang.ref.Finalizer$FinalizerThread.run()V+45
v  ~StubRoutines::call_stub

---------------  P R O C E S S  ---------------

Java Threads: ( => current thread )
  0x002bf400 JavaThread "DestroyJavaVM" [_thread_blocked, id=7092, stack(0x02540000,0x02590000)]
  0x0589d800 JavaThread "Java2D Disposer" daemon [_thread_blocked, id=6552, stack(0x1bb70000,0x1bbc0000)]
  0x04f1a000 JavaThread "Service Thread" daemon [_thread_blocked, id=10748, stack(0x05580000,0x055d0000)]
  0x04efa800 JavaThread "C1 CompilerThread0" daemon [_thread_blocked, id=6812, stack(0x05500000,0x05550000)]
  0x04ef9800 JavaThread "Attach Listener" daemon [_thread_blocked, id=9232, stack(0x05410000,0x05460000)]
  0x04eec400 JavaThread "Signal Dispatcher" daemon [_thread_blocked, id=6464, stack(0x04cc0000,0x04d10000)]
=>0x04ee9800 JavaThread "Finalizer" daemon [_thread_in_native, id=3228, stack(0x04d60000,0x04db0000)]
  0x04ec4c00 JavaThread "Reference Handler" daemon [_thread_blocked, id=10576, stack(0x05140000,0x05190000)]

Other Threads:
  0x04ebc800 VMThread [stack: 0x02440000,0x02490000] [id=8312]
  0x04f23400 WatcherThread [stack: 0x056f0000,0x05740000] [id=7920]

VM state:not at safepoint (normal execution)

VM Mutex/Monitor currently owned by a thread: None

Heap:
 def new generation   total 78656K, used 3134K [0x07400000, 0x0c950000, 0x0c950000)
  eden space 69952K,   4% used [0x07400000, 0x0770fb80, 0x0b850000)
  from space 8704K,   0% used [0x0b850000, 0x0b850000, 0x0c0d0000)
  to   space 8704K,   0% used [0x0c0d0000, 0x0c0d0000, 0x0c950000)
 tenured generation   total 174784K, used 3333K [0x0c950000, 0x17400000, 0x17400000)
   the space 174784K,   1% used [0x0c950000, 0x0cc91438, 0x0cc91600, 0x17400000)
 Metaspace       used 6255K, capacity 6495K, committed 6528K, reserved 6528K

Card table byte_map: [0x02350000,0x023e0000] byte_map_base: 0x02316000

Polling page: 0x002a0000

CodeCache: size=32768Kb used=1272Kb max_used=1272Kb free=31495Kb
 bounds [0x02860000, 0x029a0000, 0x04860000]
 total_blobs=868 nmethods=363 adapters=436
 compilation: enabled

Compilation events (10 events):
Event: 1.611 Thread 0x04efa800  361             java.lang.ref.Reference::<init> (7 bytes)
Event: 1.611 Thread 0x04efa800 nmethod 361 0x02995888 code [0x02995980, 0x02995a20]
Event: 1.612 Thread 0x04efa800  362 %           engine.editor.LevelEditor::initEditorGUI @ 149 (301 bytes)
Event: 1.613 Thread 0x04efa800 nmethod 362% 0x02995a88 code [0x02995c90, 0x02996774]
Event: 1.613 Thread 0x04efa800  363   !         com.sun.imageio.plugins.png.PNGImageReader::decodePass (1201 bytes)
Event: 1.618 Thread 0x04efa800 nmethod 363 0x02997288 code [0x029975f0, 0x02998e88]
Event: 2.144 Thread 0x04efa800  364             engine.level.Chunk::<init> (86 bytes)
Event: 2.144 Thread 0x04efa800 nmethod 364 0x0299cac8 code [0x0299cbe0, 0x0299ce30]
Event: 2.175 Thread 0x04efa800  365 %           engine.level.Level::<init> @ 148 (249 bytes)
Event: 2.176 Thread 0x04efa800 nmethod 365% 0x0299d088 code [0x0299d230, 0x0299db54]

GC Heap History (10 events):
Event: 3.936 GC heap before
{Heap before GC invocations=23 (full 8):
 def new generation   total 78656K, used 78655K [0x07400000, 0x0c950000, 0x0c950000)
  eden space 69952K, 100% used [0x07400000, 0x0b850000, 0x0b850000)
  from space 8704K,  99% used [0x0b850000, 0x0c0cffc0, 0x0c0d0000)
  to   space 8704K,   0% used [0x0c0d0000, 0x0c0d0000, 0x0c950000)
 tenured generation   total 174784K, used 174783K [0x0c950000, 0x17400000, 0x17400000)
   the space 174784K,  99% used [0x0c950000, 0x173fffd8, 0x17400000, 0x17400000)
 Metaspace       used 6259K, capacity 6528K, committed 6528K, reserved 6528K
Event: 4.324 GC heap after
Heap after GC invocations=24 (full 9):
 def new generation   total 78656K, used 78655K [0x07400000, 0x0c950000, 0x0c950000)
  eden space 69952K,  99% used [0x07400000, 0x0b84ffe8, 0x0b850000)
  from space 8704K,  99% used [0x0b850000, 0x0c0cffc0, 0x0c0d0000)
  to   space 8704K,   0% used [0x0c0d0000, 0x0c0d0000, 0x0c950000)
 tenured generation   total 174784K, used 174783K [0x0c950000, 0x17400000, 0x17400000)
   the space 174784K,  99% used [0x0c950000, 0x173fffd8, 0x17400000, 0x17400000)
 Metaspace       used 6248K, capacity 6495K, committed 6528K, reserved 6528K
}
Event: 4.324 GC heap before
{Heap before GC invocations=24 (full 9):
 def new generation   total 78656K, used 78655K [0x07400000, 0x0c950000, 0x0c950000)
  eden space 69952K,  99% used [0x07400000, 0x0b84ffe8, 0x0b850000)
  from space 8704K,  99% used [0x0b850000, 0x0c0cffc0, 0x0c0d0000)
  to   space 8704K,   0% used [0x0c0d0000, 0x0c0d0000, 0x0c950000)
 tenured generation   total 174784K, used 174783K [0x0c950000, 0x17400000, 0x17400000)
   the space 174784K,  99% used [0x0c950000, 0x173fffd8, 0x17400000, 0x17400000)
 Metaspace       used 6248K, capacity 6495K, committed 6528K, reserved 6528K
Event: 4.778 GC heap after
Heap after GC invocations=25 (full 10):
 def new generation   total 78656K, used 78115K [0x07400000, 0x0c950000, 0x0c950000)
  eden space 69952K,  99% used [0x07400000, 0x0b84ffe8, 0x0b850000)
  from space 8704K,  93% used [0x0b850000, 0x0c048f20, 0x0c0d0000)
  to   space 8704K,   0% used [0x0c0d0000, 0x0c0d0000, 0x0c950000)
 tenured generation   total 174784K, used 174783K [0x0c950000, 0x17400000, 0x17400000)
   the space 174784K,  99% used [0x0c950000, 0x173fffb8, 0x17400000, 0x17400000)
 Metaspace       used 6248K, capacity 6495K, committed 6528K, reserved 6528K
}
Event: 4.780 GC heap before
{Heap before GC invocations=25 (full 10):
 def new generation   total 78656K, used 78655K [0x07400000, 0x0c950000, 0x0c950000)
  eden space 69952K, 100% used [0x07400000, 0x0b850000, 0x0b850000)
  from space 8704K,  99% used [0x0b850000, 0x0c0cffe0, 0x0c0d0000)
  to   space 8704K,   0% used [0x0c0d0000, 0x0c0d0000, 0x0c950000)
 tenured generation   total 174784K, used 174783K [0x0c950000, 0x17400000, 0x17400000)
   the space 174784K,  99% used [0x0c950000, 0x173fffb8, 0x17400000, 0x17400000)
 Metaspace       used 6248K, capacity 6495K, committed 6528K, reserved 6528K
Event: 5.171 GC heap after
Heap after GC invocations=26 (full 11):
 def new generation   total 78656K, used 78655K [0x07400000, 0x0c950000, 0x0c950000)
  eden space 69952K, 100% used [0x07400000, 0x0b850000, 0x0b850000)
  from space 8704K,  99% used [0x0b850000, 0x0c0cffe0, 0x0c0d0000)
  to   space 8704K,   0% used [0x0c0d0000, 0x0c0d0000, 0x0c950000)
 tenured generation   total 174784K, used 174783K [0x0c950000, 0x17400000, 0x17400000)
   the space 174784K,  99% used [0x0c950000, 0x173fffb8, 0x17400000, 0x17400000)
 Metaspace       used 6248K, capacity 6495K, committed 6528K, reserved 6528K
}
Event: 5.171 GC heap before
{Heap before GC invocations=26 (full 11):
 def new generation   total 78656K, used 78655K [0x07400000, 0x0c950000, 0x0c950000)
  eden space 69952K, 100% used [0x07400000, 0x0b850000, 0x0b850000)
  from space 8704K,  99% used [0x0b850000, 0x0c0cffe0, 0x0c0d0000)
  to   space 8704K,   0% used [0x0c0d0000, 0x0c0d0000, 0x0c950000)
 tenured generation   total 174784K, used 174783K [0x0c950000, 0x17400000, 0x17400000)
   the space 174784K,  99% used [0x0c950000, 0x173fffb8, 0x17400000, 0x17400000)
 Metaspace       used 6248K, capacity 6495K, committed 6528K, reserved 6528K
Event: 5.555 GC heap after
Heap after GC invocations=27 (full 12):
 def new generation   total 78656K, used 78655K [0x07400000, 0x0c950000, 0x0c950000)
  eden space 69952K, 100% used [0x07400000, 0x0b850000, 0x0b850000)
  from space 8704K,  99% used [0x0b850000, 0x0c0cffe0, 0x0c0d0000)
  to   space 8704K,   0% used [0x0c0d0000, 0x0c0d0000, 0x0c950000)
 tenured generation   total 174784K, used 174783K [0x0c950000, 0x17400000, 0x17400000)
   the space 174784K,  99% used [0x0c950000, 0x173fffb8, 0x17400000, 0x17400000)
 Metaspace       used 6248K, capacity 6495K, committed 6528K, reserved 6528K
}
Event: 5.555 GC heap before
{Heap before GC invocations=27 (full 12):
 def new generation   total 78656K, used 78656K [0x07400000, 0x0c950000, 0x0c950000)
  eden space 69952K, 100% used [0x07400000, 0x0b850000, 0x0b850000)
  from space 8704K, 100% used [0x0b850000, 0x0c0d0000, 0x0c0d0000)
  to   space 8704K,   0% used [0x0c0d0000, 0x0c0d0000, 0x0c950000)
 tenured generation   total 174784K, used 174783K [0x0c950000, 0x17400000, 0x17400000)
   the space 174784K,  99% used [0x0c950000, 0x173fffe8, 0x17400000, 0x17400000)
 Metaspace       used 6248K, capacity 6495K, committed 6528K, reserved 6528K
Event: 5.589 GC heap after
Heap after GC invocations=28 (full 13):
 def new generation   total 78656K, used 0K [0x07400000, 0x0c950000, 0x0c950000)
  eden space 69952K,   0% used [0x07400000, 0x07400000, 0x0b850000)
  from space 8704K,   0% used [0x0b850000, 0x0b850000, 0x0c0d0000)
  to   space 8704K,   0% used [0x0c0d0000, 0x0c0d0000, 0x0c950000)
 tenured generation   total 174784K, used 3333K [0x0c950000, 0x17400000, 0x17400000)
   the space 174784K,   1% used [0x0c950000, 0x0cc91438, 0x0cc91600, 0x17400000)
 Metaspace       used 6248K, capacity 6495K, committed 6528K, reserved 6528K
}

Deoptimization events (0 events):
No events

Classes redefined (0 events):
No events

Internal exceptions (10 events):
Event: 0.208 Thread 0x002bf400 Exception <a 'java/lang/NoSuchFieldError': method resolution failed> (0x07620460) thrown at [C:\re\workspace\8-2-build-windows-i586-cygwin\jdk8u172\10810\hotspot\src\share\vm\prims\methodHandles.cpp, line 1167]
Event: 0.209 Thread 0x002bf400 Exception <a 'java/lang/NoSuchFieldError': method resolution failed> (0x0762c5d8) thrown at [C:\re\workspace\8-2-build-windows-i586-cygwin\jdk8u172\10810\hotspot\src\share\vm\prims\methodHandles.cpp, line 1167]
Event: 0.227 Thread 0x002bf400 Exception <a 'java/security/PrivilegedActionException'> (0x076b1370) thrown at [C:\re\workspace\8-2-build-windows-i586-cygwin\jdk8u172\10810\hotspot\src\share\vm\prims\jvm.cpp, line 1435]
Event: 0.227 Thread 0x002bf400 Exception <a 'java/security/PrivilegedActionException'> (0x076b1570) thrown at [C:\re\workspace\8-2-build-windows-i586-cygwin\jdk8u172\10810\hotspot\src\share\vm\prims\jvm.cpp, line 1435]
Event: 0.228 Thread 0x002bf400 Exception <a 'java/security/PrivilegedActionException'> (0x076b53a8) thrown at [C:\re\workspace\8-2-build-windows-i586-cygwin\jdk8u172\10810\hotspot\src\share\vm\prims\jvm.cpp, line 1435]
Event: 0.228 Thread 0x002bf400 Exception <a 'java/security/PrivilegedActionException'> (0x076b55a8) thrown at [C:\re\workspace\8-2-build-windows-i586-cygwin\jdk8u172\10810\hotspot\src\share\vm\prims\jvm.cpp, line 1435]
Event: 0.631 Thread 0x002bf400 Exception <a 'sun/nio/fs/WindowsException'> (0x07593080) thrown at [C:\re\workspace\8-2-build-windows-i586-cygwin\jdk8u172\10810\hotspot\src\share\vm\prims\jni.cpp, line 709]
Event: 0.631 Thread 0x002bf400 Exception <a 'sun/nio/fs/WindowsException'> (0x07593810) thrown at [C:\re\workspace\8-2-build-windows-i586-cygwin\jdk8u172\10810\hotspot\src\share\vm\prims\jni.cpp, line 709]
Event: 0.916 Thread 0x002bf400 Exception <a 'java/io/FileNotFoundException'> (0x077ba998) thrown at [C:\re\workspace\8-2-build-windows-i586-cygwin\jdk8u172\10810\hotspot\src\share\vm\prims\jni.cpp, line 709]
Event: 5.555 Thread 0x002bf400 Exception <a 'java/lang/OutOfMemoryError'> (0x0c9c01f0) thrown at [C:\re\workspace\8-2-build-windows-i586-cygwin\jdk8u172\10810\hotspot\src\share\vm\gc_interface/collectedHeap.inline.hpp, line 159]

Events (10 events):
Event: 3.460 Executing VM operation: GenCollectForAllocation done
Event: 3.537 Executing VM operation: GenCollectForAllocation
Event: 3.936 Executing VM operation: GenCollectForAllocation done
Event: 3.936 Executing VM operation: GenCollectForAllocation
Event: 4.778 Executing VM operation: GenCollectForAllocation done
Event: 4.780 Executing VM operation: GenCollectForAllocation
Event: 5.555 Executing VM operation: GenCollectForAllocation done
Event: 5.555 Executing VM operation: GenCollectForAllocation
Event: 5.589 Executing VM operation: GenCollectForAllocation done
Event: 5.589 loading class java/lang/Throwable$WrappedPrintStream


Dynamic libraries:
0x00120000 - 0x00153000 	C:\Program Files (x86)\Java\jre1.8.0_172\bin\javaw.exe
0x778c0000 - 0x77a40000 	C:\WINDOWS\SysWOW64\ntdll.dll
0x76230000 - 0x76340000 	C:\WINDOWS\syswow64\kernel32.dll
0x75090000 - 0x750d7000 	C:\WINDOWS\syswow64\KERNELBASE.dll
0x766d0000 - 0x76771000 	C:\WINDOWS\syswow64\ADVAPI32.dll
0x75100000 - 0x751ac000 	C:\WINDOWS\syswow64\msvcrt.dll
0x75240000 - 0x75259000 	C:\WINDOWS\SysWOW64\sechost.dll
0x76340000 - 0x76430000 	C:\WINDOWS\syswow64\RPCRT4.dll
0x75030000 - 0x75090000 	C:\WINDOWS\syswow64\SspiCli.dll
0x75020000 - 0x7502c000 	C:\WINDOWS\syswow64\CRYPTBASE.dll
0x76a80000 - 0x76b80000 	C:\WINDOWS\syswow64\USER32.dll
0x75fc0000 - 0x76050000 	C:\WINDOWS\syswow64\GDI32.dll
0x76560000 - 0x7656a000 	C:\WINDOWS\syswow64\LPK.dll
0x772a0000 - 0x7733d000 	C:\WINDOWS\syswow64\USP10.dll
0x68220000 - 0x683be000 	C:\WINDOWS\WinSxS\x86_microsoft.windows.common-controls_6595b64144ccf1df_6.0.7601.18837_none_41e855142bd5705d\COMCTL32.dll
0x751e0000 - 0x75237000 	C:\WINDOWS\syswow64\SHLWAPI.dll
0x76100000 - 0x76160000 	C:\WINDOWS\system32\IMM32.DLL
0x76160000 - 0x7622d000 	C:\WINDOWS\syswow64\MSCTF.dll
0x699c0000 - 0x69a2b000 	C:\Program Files (x86)\McAfee\Endpoint Security\Threat Prevention\Ips\EpMPApi.dll
0x751b0000 - 0x751df000 	C:\WINDOWS\syswow64\WINTRUST.dll
0x77380000 - 0x774a2000 	C:\WINDOWS\syswow64\CRYPT32.dll
0x760f0000 - 0x760fc000 	C:\WINDOWS\syswow64\MSASN1.dll
0x699b0000 - 0x699b9000 	C:\Program Files (x86)\McAfee\Endpoint Security\Threat Prevention\Ips\EpMPThe.dll
0x68900000 - 0x689bf000 	C:\Program Files (x86)\Java\jre1.8.0_172\bin\msvcr100.dll
0x5eaa0000 - 0x5ee73000 	C:\Program Files (x86)\Java\jre1.8.0_172\bin\client\jvm.dll
0x745e0000 - 0x745e7000 	C:\WINDOWS\system32\WSOCK32.dll
0x77340000 - 0x77375000 	C:\WINDOWS\syswow64\WS2_32.dll
0x76500000 - 0x76506000 	C:\WINDOWS\syswow64\NSI.dll
0x69ea0000 - 0x69ed2000 	C:\WINDOWS\system32\WINMM.dll
0x74870000 - 0x74879000 	C:\WINDOWS\system32\VERSION.dll
0x76a60000 - 0x76a65000 	C:\WINDOWS\syswow64\PSAPI.DLL
0x5ea90000 - 0x5ea9c000 	C:\Program Files (x86)\Java\jre1.8.0_172\bin\verify.dll
0x5ea60000 - 0x5ea82000 	C:\Program Files (x86)\Java\jre1.8.0_172\bin\java.dll
0x5ea20000 - 0x5ea34000 	C:\Program Files (x86)\Java\jre1.8.0_172\bin\zip.dll
0x75260000 - 0x75eac000 	C:\WINDOWS\syswow64\SHELL32.dll
0x76570000 - 0x766cd000 	C:\WINDOWS\syswow64\ole32.dll
0x760e0000 - 0x760eb000 	C:\WINDOWS\syswow64\profapi.dll
0x5ea00000 - 0x5ea15000 	C:\Program Files (x86)\Java\jre1.8.0_172\bin\net.dll
0x6e3d0000 - 0x6e40c000 	C:\WINDOWS\system32\mswsock.dll
0x6cd90000 - 0x6cd96000 	C:\WINDOWS\System32\wship6.dll
0x5e9f0000 - 0x5e9ff000 	C:\Program Files (x86)\Java\jre1.8.0_172\bin\nio.dll
0x688a0000 - 0x688f1000 	C:\Users\dichjru\AppData\Local\Temp\lwjgldichjru\3.1.6-build-14\lwjgl32.dll
0x747b0000 - 0x747b3000 	C:\WINDOWS\system32\api-ms-win-core-synch-l1-2-0.DLL
0x68850000 - 0x6889b000 	C:\Users\dichjru\AppData\Local\Temp\lwjgldichjru\3.1.6-build-14\glfw32.dll
0x6b4e0000 - 0x6b560000 	C:\WINDOWS\system32\uxtheme.dll
0x68820000 - 0x68850000 	C:\WINDOWS\system32\dinput8.dll
0x68a30000 - 0x68a39000 	C:\WINDOWS\system32\xinput9_1_0.dll
0x76cd0000 - 0x76e6d000 	C:\WINDOWS\syswow64\SETUPAPI.dll
0x76e70000 - 0x76e97000 	C:\WINDOWS\syswow64\CFGMGR32.dll
0x76460000 - 0x764f1000 	C:\WINDOWS\syswow64\OLEAUT32.dll
0x75f90000 - 0x75fa2000 	C:\WINDOWS\syswow64\DEVOBJ.dll
0x6b5a0000 - 0x6b5b3000 	C:\WINDOWS\system32\dwmapi.dll
0x6a070000 - 0x6a079000 	C:\WINDOWS\system32\HID.DLL
0x18f40000 - 0x19008000 	C:\WINDOWS\system32\opengl32.dll
0x687f0000 - 0x68812000 	C:\WINDOWS\system32\GLU32.dll
0x70f70000 - 0x71057000 	C:\WINDOWS\system32\DDRAW.dll
0x51d40000 - 0x51d46000 	C:\WINDOWS\system32\DCIMAN32.dll
0x17d50000 - 0x1878b000 	C:\WINDOWS\system32\ig9icd32.dll
0x71080000 - 0x7108d000 	C:\WINDOWS\system32\WTSAPI32.dll
0x52060000 - 0x52f3e000 	C:\WINDOWS\system32\igc32.dll
0x05b90000 - 0x05beb000 	C:\Users\dichjru\AppData\Local\Temp\lwjgldichjru\3.1.6-build-14\lwjgl_opengl32.dll
0x6c7d0000 - 0x6c917000 	C:\Program Files (x86)\Java\jre1.8.0_172\bin\awt.dll
0x74dd0000 - 0x74ebb000 	C:\WINDOWS\system32\dbghelp.dll

VM Arguments:
jvm_args: -Dfile.encoding=UTF-8 
java_command: pokemon.Game
java_class_path (initial): C:\Program Files (x86)\Java\jre1.8.0_172\lib\resources.jar;C:\Program Files (x86)\Java\jre1.8.0_172\lib\rt.jar;C:\Program Files (x86)\Java\jre1.8.0_172\lib\jsse.jar;C:\Program Files (x86)\Java\jre1.8.0_172\lib\jce.jar;C:\Program Files (x86)\Java\jre1.8.0_172\lib\charsets.jar;C:\Program Files (x86)\Java\jre1.8.0_172\lib\jfr.jar;C:\Program Files (x86)\Java\jre1.8.0_172\lib\ext\access-bridge-32.jar;C:\Program Files (x86)\Java\jre1.8.0_172\lib\ext\cldrdata.jar;C:\Program Files (x86)\Java\jre1.8.0_172\lib\ext\dnsns.jar;C:\Program Files (x86)\Java\jre1.8.0_172\lib\ext\jaccess.jar;C:\Program Files (x86)\Java\jre1.8.0_172\lib\ext\jfxrt.jar;C:\Program Files (x86)\Java\jre1.8.0_172\lib\ext\localedata.jar;C:\Program Files (x86)\Java\jre1.8.0_172\lib\ext\nashorn.jar;C:\Program Files (x86)\Java\jre1.8.0_172\lib\ext\sunec.jar;C:\Program Files (x86)\Java\jre1.8.0_172\lib\ext\sunjce_provider.jar;C:\Program Files (x86)\Java\jre1.8.0_172\lib\ext\sunmscapi.jar;C:\Program Files (x86)\Java\jre1.8.0_172\lib\ext\sunpkcs11.jar;C:\Program Files (x86)\Java\jre1.8.0_172\lib\ext\zipfs.jar;C:\Dev\projects\Git_Repository\pokemon\Pokemon\bin;C:\Dev\projects\Git_Repository\pokemon\Pokemon\lib\lwjgl-glfw-javadoc.jar;C:\Dev\projects\Git_Repository\pokemon\Pokemon\lib\lwjgl-glfw-natives-windows.jar;C:\Dev\projects\Git_Repository\pokemon\Pokemon\lib\lwjgl-glfw-sources.jar;C:\Dev\projects\Git_Repository\pokemon\Pokemon\lib\lwjgl-glfw.jar;C:\Dev\projects\Git_Repository\pokemon\Pokemon\lib\lwjgl-openal-javadoc.jar;C:\Dev\projects\Git_Repository\pokemon\Pokemon\lib\lwjgl-openal-natives-windows.jar;C:\Dev\projects\Git_Repository\pokemon\Pokemon\lib\lwjgl-openal-sources.jar;C:\Dev\projects\Git_Repository\pokemon\Pokemon\lib\lwjgl-openal.jar;C:\Dev\projects\Git_Repository\pokemon\Pokemon\lib\lwjgl-opengl-javadoc.jar;C:\Dev\projects\Git_Repository\pokemon\Pokemon\lib\lwjgl-opengl-natives-windows.jar;C:\Dev\projects\Git_Repository\pokemon\Pokemon\lib\lwjgl-opengl-sources.jar;C:\Dev
Launcher Type: SUN_STANDARD

Environment Variables:
JAVA_HOME=C:\Dev\bin\Java\jdk1.8.0_162\jdk1.8.0_162
CLASSPATH=.;C:\PROGRA~2\IBM\SQLLIB\java\db2java.zip;C:\PROGRA~2\IBM\SQLLIB\java\db2jcc.jar;C:\PROGRA~2\IBM\SQLLIB\java\db2jcc_license_cu.jar;C:\PROGRA~2\IBM\SQLLIB\bin
PATH=C:/Program Files (x86)/Java/jre1.8.0_172/bin/client;C:/Program Files (x86)/Java/jre1.8.0_172/bin;C:/Program Files (x86)/Java/jre1.8.0_172/lib/i386;C:\Program Files (x86)\Common Files\Oracle\Java\javapath;C:\Program Files (x86)\Intel\iCLS Client\;C:\Program Files\Intel\iCLS Client\;C:\WINDOWS\system32;C:\WINDOWS;C:\WINDOWS\System32\Wbem;C:\WINDOWS\System32\WindowsPowerShell\v1.0\;C:\WINDOWS\System32\WindowsPowerShell\v1.0\;C:\Program Files (x86)\Intel\Intel(R) Management Engine Components\DAL;C:\Program Files\Intel\Intel(R) Management Engine Components\DAL;C:\Program Files (x86)\Intel\Intel(R) Management Engine Components\IPT;C:\Program Files\Intel\Intel(R) Management Engine Components\IPT;C:\Program Files (x86)\IDM Computer Solutions\UEStudio;C:\Program Files (x86)\PuTTY\;C:\WINDOWS\System32\WindowsPowerShell\v1.0\;C:\PROGRA~2\IBM\SQLLIB\BIN;C:\PROGRA~2\IBM\SQLLIB\FUNCTION;C:\Program Files\Git2\cmd;C:\Program Files\TortoiseGit\bin;C:\Dev\bin\Java\jdk1.8.0_162\jdk1.8.0_162\bin;C:\Program Files (x86)\Common Files\Oracle\Java\javapath;C:\Program Files (x86)\Intel\iCLS Client\;C:\Program Files\Intel\iCLS Client\;C:\WINDOWS\system32;C:\WINDOWS;C:\WINDOWS\System32\Wbem;C:\WINDOWS\System32\WindowsPowerShell\v1.0\;C:\WINDOWS\System32\WindowsPowerShell\v1.0\;C:\Program Files (x86)\Intel\Intel(R) Management Engine Components\DAL;C:\Program Files\Intel\Intel(R) Management Engine Components\DAL;C:\Program Files (x86)\Intel\Intel(R) Management Engine Components\IPT;C:\Program Files\Intel\Intel(R) Management Engine Components\IPT;C:\Program Files (x86)\IDM Computer Solutions\UEStudio;C:\Program Files (x86)\PuTTY\;C:\WINDOWS\System32\WindowsPowerShell\v1.0\;C:\PROGRA~2\IBM\SQLLIB\BIN;C:\PROGRA~2\IBM\SQLLIB\FUNCTION;C:\Program Files\Git2\cmd;C:\Program Files\TortoiseGit\bin;C:\Dev\bin\Spring\sts-3.9.4.RELEASE;
USERNAME=dichjru
OS=Windows_NT
PROCESSOR_IDENTIFIER=Intel64 Family 6 Model 78 Stepping 3, GenuineIntel



---------------  S Y S T E M  ---------------

OS: Windows 7 , 64 bit Build 7601 (6.1.7601.24260)

CPU:total 4 (initial active 4) (2 cores per cpu, 2 threads per core) family 6 model 78 stepping 3, cmov, cx8, fxsr, mmx, sse, sse2, sse3, ssse3, sse4.1, sse4.2, popcnt, avx, avx2, aes, clmul, erms, rtm, 3dnowpref, lzcnt, ht, tsc, tscinvbit, bmi1, bmi2, adx

Memory: 4k page, physical 8266332k(2293304k free), swap 16530764k(10372476k free)

vm_info: Java HotSpot(TM) Client VM (25.172-b11) for windows-x86 JRE (1.8.0_172-b11), built on Mar 28 2018 20:19:55 by "java_re" with MS VC++ 10.0 (VS2010)

time: Tue Oct 23 11:29:47 2018
elapsed time: 5 seconds (0d 0h 0m 5s)

